5_PrintBinUnConstantInvocation
--- your output:(result/5_PrintBinUnConstantInvocation)
+++ answer:(./basic_cases/sample_solutions/5_PrintBinUnConstantInvocation)
@@ -86,8 +86,3 @@
 |--------------------------------|
 |  There is no syntactic error!  |
 |--------------------------------|
-27:14: error: Operands of 'and' must be boolean.
-28:13: error: Operands of 'or' must be boolean.
-<Error> Found in line 32, column 11: expression of print statement must be scalar type
-    print func();
-          ^

11_call
--- your output:(result/11_call)
+++ answer:(./basic_cases/sample_solutions/11_call)
@@ -24,6 +24,3 @@
 |--------------------------------|
 |  There is no syntactic error!  |
 |--------------------------------|
-<Error> Found in line 24, column 9: too few/much arguments provided for function 'func'
-  print func();
-        ^

